<?xml version="1.0" encoding="UTF-8"?>
<testng-results ignored="0" total="1" passed="1" failed="0" skipped="0">
  <reporter-output>
  </reporter-output>
  <suite started-at="2026-05-20T15:36:45 IST" name="Default suite" finished-at="2026-05-20T15:39:21 IST" duration-ms="156166">
    <groups>
    </groups>
    <test started-at="2026-05-20T15:36:45 IST" name="Default test" finished-at="2026-05-20T15:39:21 IST" duration-ms="156166">
      <class name="serviceTabPage.ServicesTabTest">
        <test-method is-config="true" signature="setup()[pri:0, instance:serviceTabPage.ServicesTabTest@3eb738bb]" started-at="2026-05-20T15:36:45 IST" name="setup" finished-at="2026-05-20T15:37:01 IST" duration-ms="16385" status="PASS">
          <reporter-output>
          </reporter-output>
        </test-method> <!-- setup -->
        <test-method signature="servicestabTest()[pri:0, instance:serviceTabPage.ServicesTabTest@3eb738bb]" started-at="2026-05-20T15:37:02 IST" name="servicestabTest" finished-at="2026-05-20T15:39:21 IST" duration-ms="139600" status="PASS">
          <reporter-output>
          </reporter-output>
        </test-method> <!-- servicestabTest -->
        <test-method is-config="true" signature="tearDown()[pri:0, instance:serviceTabPage.ServicesTabTest@3eb738bb]" started-at="2026-05-20T15:39:21 IST" name="tearDown" finished-at="2026-05-20T15:39:21 IST" duration-ms="1" status="PASS">
          <reporter-output>
          </reporter-output>
        </test-method> <!-- tearDown -->
      </class> <!-- serviceTabPage.ServicesTabTest -->
    </test> <!-- Default test -->
  </suite> <!-- Default suite -->
</testng-results>
